<?xml version="1.0" encoding="UTF-8"?>
<!-- Generated by org.testng.reporters.JUnitReportReporter -->
<testsuite hostname="user-PC" name="Test.EListTest_NG" tests="410" failures="0" timestamp="27 Jul 2016 16:24:37 GMT" time="0.553" errors="0">
  <testcase name="test_delEnd_2" time="0.001" classname="Test.EListTest_NG"/>
  <testcase name="test_get_many" time="0.000" classname="Test.EListTest_NG"/>
  <testcase name="test_addEnd_many" time="0.001" classname="Test.EListTest_NG"/>
  <testcase name="test_delPos_1" time="0.003" classname="Test.EListTest_NG"/>
  <testcase name="test_delPos_2" time="0.004" classname="Test.EListTest_NG"/>
  <testcase name="test_set_1" time="0.001" classname="Test.EListTest_NG"/>
  <testcase name="test_halfreverse_2" time="0.000" classname="Test.EListTest_NG"/>
  <testcase name="test_init_null" time="0.001" classname="Test.EListTest_NG"/>
  <testcase name="test_delStart_2" time="0.001" classname="Test.EListTest_NG"/>
  <testcase name="test_delEnd_0" time="0.001" classname="Test.EListTest_NG"/>
  <testcase name="test_addPos_1" time="0.001" classname="Test.EListTest_NG"/>
  <testcase name="test_addEnd_0" time="0.002" classname="Test.EListTest_NG"/>
  <testcase name="test_max_0" time="0.001" classname="Test.EListTest_NG"/>
  <testcase name="test_set_2" time="0.001" classname="Test.EListTest_NG"/>
  <testcase name="test_init_many" time="0.044" classname="Test.EListTest_NG"/>
  <testcase name="test_addPos_2" time="0.001" classname="Test.EListTest_NG"/>
  <testcase name="test_sort_2" time="0.000" classname="Test.EListTest_NG"/>
  <testcase name="test_addStart_many" time="0.001" classname="Test.EListTest_NG"/>
  <testcase name="test_addStart_2" time="0.002" classname="Test.EListTest_NG"/>
  <testcase name="test_get_0" time="0.000" classname="Test.EListTest_NG"/>
  <testcase name="test_delEnd_2" time="0.001" classname="Test.EListTest_NG"/>
  <testcase name="test_set_0" time="0.002" classname="Test.EListTest_NG"/>
  <testcase name="test_addEnd_1" time="0.001" classname="Test.EListTest_NG"/>
  <testcase name="test_toString_0" time="0.000" classname="Test.EListTest_NG"/>
  <testcase name="test_size_1" time="0.000" classname="Test.EListTest_NG"/>
  <testcase name="test_halfreverse_1" time="0.006" classname="Test.EListTest_NG"/>
  <testcase name="test_clear_1" time="0.001" classname="Test.EListTest_NG"/>
  <testcase name="test_delStart_0" time="0.001" classname="Test.EListTest_NG"/>
  <testcase name="test_maxPos_2" time="0.001" classname="Test.EListTest_NG"/>
  <testcase name="test_set_2" time="0.001" classname="Test.EListTest_NG"/>
  <testcase name="test_clear_many" time="0.000" classname="Test.EListTest_NG"/>
  <testcase name="test_minPos_1" time="0.002" classname="Test.EListTest_NG"/>
  <testcase name="test_get_1" time="0.000" classname="Test.EListTest_NG"/>
  <testcase name="test_init_null" time="0.000" classname="Test.EListTest_NG"/>
  <testcase name="test_delPos_1" time="0.001" classname="Test.EListTest_NG"/>
  <testcase name="test_delEnd_1" time="0.001" classname="Test.EListTest_NG"/>
  <testcase name="test_set_2" time="0.001" classname="Test.EListTest_NG"/>
  <testcase name="test_size_1" time="0.001" classname="Test.EListTest_NG"/>
  <testcase name="test_minPos_1" time="0.024" classname="Test.EListTest_NG"/>
  <testcase name="test_delPos_1" time="0.001" classname="Test.EListTest_NG"/>
  <testcase name="test_maxPos_many" time="0.000" classname="Test.EListTest_NG"/>
  <testcase name="test_size_0" time="0.001" classname="Test.EListTest_NG"/>
  <testcase name="test_toArray_0" time="0.000" classname="Test.EListTest_NG"/>
  <testcase name="test_addPos_1" time="0.002" classname="Test.EListTest_NG"/>
  <testcase name="test_init_many" time="0.001" classname="Test.EListTest_NG"/>
  <testcase name="test_get_many" time="0.001" classname="Test.EListTest_NG"/>
  <testcase name="test_delPos_0" time="0.001" classname="Test.EListTest_NG"/>
  <testcase name="test_reverse_1" time="0.001" classname="Test.EListTest_NG"/>
  <testcase name="test_reverse_0" time="0.001" classname="Test.EListTest_NG"/>
  <testcase name="test_delPos_2" time="0.001" classname="Test.EListTest_NG"/>
  <testcase name="test_addStart_1" time="0.001" classname="Test.EListTest_NG"/>
  <testcase name="test_addPos_many" time="0.001" classname="Test.EListTest_NG"/>
  <testcase name="test_halfreverse_many" time="0.001" classname="Test.EListTest_NG"/>
  <testcase name="test_addPos_2" time="0.002" classname="Test.EListTest_NG"/>
  <testcase name="test_addStart_1" time="0.001" classname="Test.EListTest_NG"/>
  <testcase name="test_max_0" time="0.001" classname="Test.EListTest_NG"/>
  <testcase name="test_addPos_1" time="0.001" classname="Test.EListTest_NG"/>
  <testcase name="test_init_null" time="0.001" classname="Test.EListTest_NG"/>
  <testcase name="test_minPos_2" time="0.001" classname="Test.EListTest_NG"/>
  <testcase name="test_delPos_many" time="0.002" classname="Test.EListTest_NG"/>
  <testcase name="test_min_2" time="0.002" classname="Test.EListTest_NG"/>
  <testcase name="test_reverse_2" time="0.003" classname="Test.EListTest_NG"/>
  <testcase name="test_addStart_0" time="0.002" classname="Test.EListTest_NG"/>
  <testcase name="test_reverse_1" time="0.002" classname="Test.EListTest_NG"/>
  <testcase name="test_toString_2" time="0.000" classname="Test.EListTest_NG"/>
  <testcase name="test_maxPos_2" time="0.000" classname="Test.EListTest_NG"/>
  <testcase name="test_set_0" time="0.000" classname="Test.EListTest_NG"/>
  <testcase name="test_min_2" time="0.001" classname="Test.EListTest_NG"/>
  <testcase name="test_addStart_many" time="0.001" classname="Test.EListTest_NG"/>
  <testcase name="test_init_many" time="0.001" classname="Test.EListTest_NG"/>
  <testcase name="test_maxPos_many" time="0.000" classname="Test.EListTest_NG"/>
  <testcase name="test_clear_0" time="0.007" classname="Test.EListTest_NG"/>
  <testcase name="test_min_1" time="0.001" classname="Test.EListTest_NG"/>
  <testcase name="test_sort_0" time="0.000" classname="Test.EListTest_NG"/>
  <testcase name="test_toString_1" time="0.001" classname="Test.EListTest_NG"/>
  <testcase name="test_addStart_1" time="0.000" classname="Test.EListTest_NG"/>
  <testcase name="test_max_1" time="0.001" classname="Test.EListTest_NG"/>
  <testcase name="test_max_2" time="0.001" classname="Test.EListTest_NG"/>
  <testcase name="test_init_0" time="0.001" classname="Test.EListTest_NG"/>
  <testcase name="test_delPos_2" time="0.003" classname="Test.EListTest_NG"/>
  <testcase name="test_minPos_many" time="0.000" classname="Test.EListTest_NG"/>
  <testcase name="test_set_many" time="0.005" classname="Test.EListTest_NG"/>
  <testcase name="test_toArray_many" time="0.000" classname="Test.EListTest_NG"/>
  <testcase name="test_delPos_many" time="0.001" classname="Test.EListTest_NG"/>
  <testcase name="test_get_0" time="0.000" classname="Test.EListTest_NG"/>
  <testcase name="test_toArray_null" time="0.000" classname="Test.EListTest_NG"/>
  <testcase name="test_addStart_2" time="0.001" classname="Test.EListTest_NG"/>
  <testcase name="test_get_1" time="0.000" classname="Test.EListTest_NG"/>
  <testcase name="test_sort_many" time="0.001" classname="Test.EListTest_NG"/>
  <testcase name="test_addStart_0" time="0.002" classname="Test.EListTest_NG"/>
  <testcase name="test_minPos_2" time="0.001" classname="Test.EListTest_NG"/>
  <testcase name="test_init_1" time="0.000" classname="Test.EListTest_NG"/>
  <testcase name="test_halfreverse_1" time="0.001" classname="Test.EListTest_NG"/>
  <testcase name="test_init_2" time="0.001" classname="Test.EListTest_NG"/>
  <testcase name="test_maxPos_1" time="0.005" classname="Test.EListTest_NG"/>
  <testcase name="test_toString_many" time="0.000" classname="Test.EListTest_NG"/>
  <testcase name="test_minPos_many" time="0.002" classname="Test.EListTest_NG"/>
  <testcase name="test_delEnd_many" time="0.001" classname="Test.EListTest_NG"/>
  <testcase name="test_delPos_0" time="0.001" classname="Test.EListTest_NG"/>
  <testcase name="test_get_0" time="0.001" classname="Test.EListTest_NG"/>
  <testcase name="test_delPos_many" time="0.001" classname="Test.EListTest_NG"/>
  <testcase name="test_toString_1" time="0.001" classname="Test.EListTest_NG"/>
  <testcase name="test_minPos_2" time="0.001" classname="Test.EListTest_NG"/>
  <testcase name="test_halfreverse_1" time="0.001" classname="Test.EListTest_NG"/>
  <testcase name="test_max_many" time="0.000" classname="Test.EListTest_NG"/>
  <testcase name="test_delStart_1" time="0.001" classname="Test.EListTest_NG"/>
  <testcase name="test_minPos_0" time="0.001" classname="Test.EListTest_NG"/>
  <testcase name="test_min_many" time="0.001" classname="Test.EListTest_NG"/>
  <testcase name="test_reverse_many" time="0.001" classname="Test.EListTest_NG"/>
  <testcase name="test_toString_0" time="0.001" classname="Test.EListTest_NG"/>
  <testcase name="test_size_0" time="0.001" classname="Test.EListTest_NG"/>
  <testcase name="test_clear_many" time="0.003" classname="Test.EListTest_NG"/>
  <testcase name="test_addPos_0" time="0.002" classname="Test.EListTest_NG"/>
  <testcase name="test_minPos_2" time="0.001" classname="Test.EListTest_NG"/>
  <testcase name="test_reverse_2" time="0.001" classname="Test.EListTest_NG"/>
  <testcase name="test_sort_2" time="0.000" classname="Test.EListTest_NG"/>
  <testcase name="test_get_2" time="0.001" classname="Test.EListTest_NG"/>
  <testcase name="test_addPos_many" time="0.001" classname="Test.EListTest_NG"/>
  <testcase name="test_halfreverse_many" time="0.000" classname="Test.EListTest_NG"/>
  <testcase name="test_init_2" time="0.001" classname="Test.EListTest_NG"/>
  <testcase name="test_sort_1" time="0.000" classname="Test.EListTest_NG"/>
  <testcase name="test_addEnd_2" time="0.001" classname="Test.EListTest_NG"/>
  <testcase name="test_halfreverse_2" time="0.001" classname="Test.EListTest_NG"/>
  <testcase name="test_min_1" time="0.000" classname="Test.EListTest_NG"/>
  <testcase name="test_init_2" time="0.001" classname="Test.EListTest_NG"/>
  <testcase name="test_halfreverse_2" time="0.001" classname="Test.EListTest_NG"/>
  <testcase name="test_size_1" time="0.000" classname="Test.EListTest_NG"/>
  <testcase name="test_sort_many" time="0.000" classname="Test.EListTest_NG"/>
  <testcase name="test_reverse_0" time="0.001" classname="Test.EListTest_NG"/>
  <testcase name="test_reverse_0" time="0.000" classname="Test.EListTest_NG"/>
  <testcase name="test_toArray_null" time="0.000" classname="Test.EListTest_NG"/>
  <testcase name="test_clear_many" time="0.001" classname="Test.EListTest_NG"/>
  <testcase name="test_clear_many" time="0.002" classname="Test.EListTest_NG"/>
  <testcase name="test_toString_2" time="0.001" classname="Test.EListTest_NG"/>
  <testcase name="test_toString_1" time="0.001" classname="Test.EListTest_NG"/>
  <testcase name="test_toString_many" time="0.000" classname="Test.EListTest_NG"/>
  <testcase name="test_addPos_many" time="0.006" classname="Test.EListTest_NG"/>
  <testcase name="test_maxPos_2" time="0.001" classname="Test.EListTest_NG"/>
  <testcase name="test_addStart_1" time="0.007" classname="Test.EListTest_NG"/>
  <testcase name="test_init_many" time="0.000" classname="Test.EListTest_NG"/>
  <testcase name="test_min_2" time="0.001" classname="Test.EListTest_NG"/>
  <testcase name="test_delStart_many" time="0.000" classname="Test.EListTest_NG"/>
  <testcase name="test_maxPos_0" time="0.001" classname="Test.EListTest_NG"/>
  <testcase name="test_set_many" time="0.001" classname="Test.EListTest_NG"/>
  <testcase name="test_minPos_0" time="0.001" classname="Test.EListTest_NG"/>
  <testcase name="test_addPos_0" time="0.001" classname="Test.EListTest_NG"/>
  <testcase name="test_reverse_1" time="0.001" classname="Test.EListTest_NG"/>
  <testcase name="test_toArray_2" time="0.001" classname="Test.EListTest_NG"/>
  <testcase name="test_toArray_0" time="0.000" classname="Test.EListTest_NG"/>
  <testcase name="test_addPos_1" time="0.002" classname="Test.EListTest_NG"/>
  <testcase name="test_get_0" time="0.001" classname="Test.EListTest_NG"/>
  <testcase name="test_min_0" time="0.004" classname="Test.EListTest_NG"/>
  <testcase name="test_sort_2" time="0.000" classname="Test.EListTest_NG"/>
  <testcase name="test_clear_1" time="0.004" classname="Test.EListTest_NG"/>
  <testcase name="test_minPos_many" time="0.000" classname="Test.EListTest_NG"/>
  <testcase name="test_delEnd_0" time="0.003" classname="Test.EListTest_NG"/>
  <testcase name="test_delPos_many" time="0.002" classname="Test.EListTest_NG"/>
  <testcase name="test_init_0" time="0.001" classname="Test.EListTest_NG"/>
  <testcase name="test_min_0" time="0.001" classname="Test.EListTest_NG"/>
  <testcase name="test_max_0" time="0.000" classname="Test.EListTest_NG"/>
  <testcase name="test_toArray_2" time="0.000" classname="Test.EListTest_NG"/>
  <testcase name="test_addStart_0" time="0.001" classname="Test.EListTest_NG"/>
  <testcase name="test_min_many" time="0.001" classname="Test.EListTest_NG"/>
  <testcase name="test_toArray_2" time="0.000" classname="Test.EListTest_NG"/>
  <testcase name="test_size_many" time="0.000" classname="Test.EListTest_NG"/>
  <testcase name="test_delEnd_many" time="0.001" classname="Test.EListTest_NG"/>
  <testcase name="test_maxPos_0" time="0.002" classname="Test.EListTest_NG"/>
  <testcase name="test_sort_many" time="0.000" classname="Test.EListTest_NG"/>
  <testcase name="test_min_1" time="0.000" classname="Test.EListTest_NG"/>
  <testcase name="test_toArray_null" time="0.000" classname="Test.EListTest_NG"/>
  <testcase name="test_size_2" time="0.000" classname="Test.EListTest_NG"/>
  <testcase name="test_min_many" time="0.001" classname="Test.EListTest_NG"/>
  <testcase name="test_toArray_0" time="0.000" classname="Test.EListTest_NG"/>
  <testcase name="test_clear_1" time="0.001" classname="Test.EListTest_NG"/>
  <testcase name="test_delStart_2" time="0.001" classname="Test.EListTest_NG"/>
  <testcase name="test_addPos_0" time="0.001" classname="Test.EListTest_NG"/>
  <testcase name="test_sort_1" time="0.000" classname="Test.EListTest_NG"/>
  <testcase name="test_max_2" time="0.010" classname="Test.EListTest_NG"/>
  <testcase name="test_delEnd_1" time="0.000" classname="Test.EListTest_NG"/>
  <testcase name="test_delPos_0" time="0.001" classname="Test.EListTest_NG"/>
  <testcase name="test_reverse_many" time="0.001" classname="Test.EListTest_NG"/>
  <testcase name="test_addEnd_2" time="0.001" classname="Test.EListTest_NG"/>
  <testcase name="test_size_many" time="0.000" classname="Test.EListTest_NG"/>
  <testcase name="test_reverse_2" time="0.001" classname="Test.EListTest_NG"/>
  <testcase name="test_set_0" time="0.001" classname="Test.EListTest_NG"/>
  <testcase name="test_addEnd_many" time="0.004" classname="Test.EListTest_NG"/>
  <testcase name="test_reverse_many" time="0.001" classname="Test.EListTest_NG"/>
  <testcase name="test_toString_1" time="0.001" classname="Test.EListTest_NG"/>
  <testcase name="test_delEnd_many" time="0.000" classname="Test.EListTest_NG"/>
  <testcase name="test_maxPos_2" time="0.001" classname="Test.EListTest_NG"/>
  <testcase name="test_delStart_many" time="0.001" classname="Test.EListTest_NG"/>
  <testcase name="test_toArray_1" time="0.000" classname="Test.EListTest_NG"/>
  <testcase name="test_toString_many" time="0.000" classname="Test.EListTest_NG"/>
  <testcase name="test_delPos_2" time="0.000" classname="Test.EListTest_NG"/>
  <testcase name="test_max_2" time="0.003" classname="Test.EListTest_NG"/>
  <testcase name="test_sort_0" time="0.000" classname="Test.EListTest_NG"/>
  <testcase name="test_size_2" time="0.001" classname="Test.EListTest_NG"/>
  <testcase name="test_addPos_1" time="0.001" classname="Test.EListTest_NG"/>
  <testcase name="test_toString_0" time="0.000" classname="Test.EListTest_NG"/>
  <testcase name="test_delEnd_0" time="0.001" classname="Test.EListTest_NG"/>
  <testcase name="test_size_2" time="0.000" classname="Test.EListTest_NG"/>
  <testcase name="test_get_1" time="0.000" classname="Test.EListTest_NG"/>
  <testcase name="test_clear_0" time="0.002" classname="Test.EListTest_NG"/>
  <testcase name="test_maxPos_0" time="0.001" classname="Test.EListTest_NG"/>
  <testcase name="test_sort_0" time="0.001" classname="Test.EListTest_NG"/>
  <testcase name="test_reverse_1" time="0.001" classname="Test.EListTest_NG"/>
  <testcase name="test_init_many" time="0.001" classname="Test.EListTest_NG"/>
  <testcase name="test_clear_2" time="0.001" classname="Test.EListTest_NG"/>
  <testcase name="test_clear_2" time="0.001" classname="Test.EListTest_NG"/>
  <testcase name="test_addEnd_2" time="0.001" classname="Test.EListTest_NG"/>
  <testcase name="test_addStart_2" time="0.001" classname="Test.EListTest_NG"/>
  <testcase name="test_reverse_2" time="0.001" classname="Test.EListTest_NG"/>
  <testcase name="test_minPos_0" time="0.001" classname="Test.EListTest_NG"/>
  <testcase name="test_toString_2" time="0.001" classname="Test.EListTest_NG"/>
  <testcase name="test_addEnd_1" time="0.004" classname="Test.EListTest_NG"/>
  <testcase name="test_toArray_many" time="0.000" classname="Test.EListTest_NG"/>
  <testcase name="test_addEnd_0" time="0.003" classname="Test.EListTest_NG"/>
  <testcase name="test_max_1" time="0.001" classname="Test.EListTest_NG"/>
  <testcase name="test_maxPos_1" time="0.000" classname="Test.EListTest_NG"/>
  <testcase name="test_delStart_1" time="0.001" classname="Test.EListTest_NG"/>
  <testcase name="test_maxPos_many" time="0.001" classname="Test.EListTest_NG"/>
  <testcase name="test_sort_1" time="0.000" classname="Test.EListTest_NG"/>
  <testcase name="test_halfreverse_0" time="0.001" classname="Test.EListTest_NG"/>
  <testcase name="test_addStart_many" time="0.001" classname="Test.EListTest_NG"/>
  <testcase name="test_clear_0" time="0.002" classname="Test.EListTest_NG"/>
  <testcase name="test_set_many" time="0.001" classname="Test.EListTest_NG"/>
  <testcase name="test_toArray_1" time="0.001" classname="Test.EListTest_NG"/>
  <testcase name="test_reverse_0" time="0.001" classname="Test.EListTest_NG"/>
  <testcase name="test_addStart_0" time="0.001" classname="Test.EListTest_NG"/>
  <testcase name="test_toString_many" time="0.001" classname="Test.EListTest_NG"/>
  <testcase name="test_addPos_2" time="0.003" classname="Test.EListTest_NG"/>
  <testcase name="test_min_0" time="0.000" classname="Test.EListTest_NG"/>
  <testcase name="test_toArray_2" time="0.000" classname="Test.EListTest_NG"/>
  <testcase name="test_sort_0" time="0.000" classname="Test.EListTest_NG"/>
  <testcase name="test_addPos_0" time="0.001" classname="Test.EListTest_NG"/>
  <testcase name="test_delStart_many" time="0.000" classname="Test.EListTest_NG"/>
  <testcase name="test_maxPos_1" time="0.001" classname="Test.EListTest_NG"/>
  <testcase name="test_size_0" time="0.000" classname="Test.EListTest_NG"/>
  <testcase name="test_addStart_2" time="0.001" classname="Test.EListTest_NG"/>
  <testcase name="test_halfreverse_1" time="0.000" classname="Test.EListTest_NG"/>
  <testcase name="test_init_1" time="0.001" classname="Test.EListTest_NG"/>
  <testcase name="test_maxPos_0" time="0.000" classname="Test.EListTest_NG"/>
  <testcase name="test_halfreverse_2" time="0.001" classname="Test.EListTest_NG"/>
  <testcase name="test_set_2" time="0.004" classname="Test.EListTest_NG"/>
  <testcase name="test_toArray_0" time="0.000" classname="Test.EListTest_NG"/>
  <testcase name="test_reverse_many" time="0.001" classname="Test.EListTest_NG"/>
  <testcase name="test_delStart_many" time="0.001" classname="Test.EListTest_NG"/>
  <testcase name="test_get_1" time="0.001" classname="Test.EListTest_NG"/>
  <testcase name="test_sort_0" time="0.001" classname="Test.EListTest_NG"/>
  <testcase name="test_minPos_2" time="0.001" classname="Test.EListTest_NG"/>
  <testcase name="test_addEnd_0" time="0.032" classname="Test.EListTest_NG"/>
  <testcase name="test_maxPos_1" time="0.001" classname="Test.EListTest_NG"/>
  <testcase name="test_size_2" time="0.000" classname="Test.EListTest_NG"/>
  <testcase name="test_toString_0" time="0.001" classname="Test.EListTest_NG"/>
  <testcase name="test_addEnd_1" time="0.002" classname="Test.EListTest_NG"/>
  <testcase name="test_max_many" time="0.000" classname="Test.EListTest_NG"/>
  <testcase name="test_delEnd_0" time="0.001" classname="Test.EListTest_NG"/>
  <testcase name="test_get_2" time="0.002" classname="Test.EListTest_NG"/>
  <testcase name="test_size_many" time="0.000" classname="Test.EListTest_NG"/>
  <testcase name="test_halfreverse_many" time="0.001" classname="Test.EListTest_NG"/>
  <testcase name="test_halfreverse_0" time="0.001" classname="Test.EListTest_NG"/>
  <testcase name="test_sort_many" time="0.000" classname="Test.EListTest_NG"/>
  <testcase name="test_delPos_1" time="0.001" classname="Test.EListTest_NG"/>
  <testcase name="test_addStart_1" time="0.001" classname="Test.EListTest_NG"/>
  <testcase name="test_min_0" time="0.001" classname="Test.EListTest_NG"/>
  <testcase name="test_halfreverse_1" time="0.001" classname="Test.EListTest_NG"/>
  <testcase name="test_toArray_many" time="0.000" classname="Test.EListTest_NG"/>
  <testcase name="test_sort_2" time="0.006" classname="Test.EListTest_NG"/>
  <testcase name="test_clear_0" time="0.002" classname="Test.EListTest_NG"/>
  <testcase name="test_addEnd_many" time="0.001" classname="Test.EListTest_NG"/>
  <testcase name="test_addPos_2" time="0.002" classname="Test.EListTest_NG"/>
  <testcase name="test_get_1" time="0.001" classname="Test.EListTest_NG"/>
  <testcase name="test_min_many" time="0.001" classname="Test.EListTest_NG"/>
  <testcase name="test_addPos_many" time="0.002" classname="Test.EListTest_NG"/>
  <testcase name="test_init_1" time="0.003" classname="Test.EListTest_NG"/>
  <testcase name="test_clear_2" time="0.001" classname="Test.EListTest_NG"/>
  <testcase name="test_delPos_many" time="0.004" classname="Test.EListTest_NG"/>
  <testcase name="test_get_2" time="0.001" classname="Test.EListTest_NG"/>
  <testcase name="test_size_many" time="0.001" classname="Test.EListTest_NG"/>
  <testcase name="test_min_1" time="0.002" classname="Test.EListTest_NG"/>
  <testcase name="test_get_many" time="0.000" classname="Test.EListTest_NG"/>
  <testcase name="test_max_2" time="0.000" classname="Test.EListTest_NG"/>
  <testcase name="test_sort_many" time="0.000" classname="Test.EListTest_NG"/>
  <testcase name="test_addEnd_0" time="0.004" classname="Test.EListTest_NG"/>
  <testcase name="test_minPos_1" time="0.001" classname="Test.EListTest_NG"/>
  <testcase name="test_delEnd_2" time="0.001" classname="Test.EListTest_NG"/>
  <testcase name="test_maxPos_many" time="0.001" classname="Test.EListTest_NG"/>
  <testcase name="test_set_1" time="0.001" classname="Test.EListTest_NG"/>
  <testcase name="test_delStart_0" time="0.001" classname="Test.EListTest_NG"/>
  <testcase name="test_delEnd_many" time="0.000" classname="Test.EListTest_NG"/>
  <testcase name="test_minPos_0" time="0.001" classname="Test.EListTest_NG"/>
  <testcase name="test_halfreverse_0" time="0.000" classname="Test.EListTest_NG"/>
  <testcase name="test_reverse_1" time="0.001" classname="Test.EListTest_NG"/>
  <testcase name="test_set_2" time="0.001" classname="Test.EListTest_NG"/>
  <testcase name="test_maxPos_many" time="0.001" classname="Test.EListTest_NG"/>
  <testcase name="test_max_0" time="0.000" classname="Test.EListTest_NG"/>
  <testcase name="test_addPos_0" time="0.004" classname="Test.EListTest_NG"/>
  <testcase name="test_delPos_0" time="0.001" classname="Test.EListTest_NG"/>
  <testcase name="test_addEnd_2" time="0.001" classname="Test.EListTest_NG"/>
  <testcase name="test_delEnd_1" time="0.001" classname="Test.EListTest_NG"/>
  <testcase name="test_halfreverse_many" time="0.001" classname="Test.EListTest_NG"/>
  <testcase name="test_toString_2" time="0.001" classname="Test.EListTest_NG"/>
  <testcase name="test_init_1" time="0.000" classname="Test.EListTest_NG"/>
  <testcase name="test_toArray_1" time="0.001" classname="Test.EListTest_NG"/>
  <testcase name="test_halfreverse_many" time="0.001" classname="Test.EListTest_NG"/>
  <testcase name="test_set_1" time="0.000" classname="Test.EListTest_NG"/>
  <testcase name="test_sort_1" time="0.000" classname="Test.EListTest_NG"/>
  <testcase name="test_addStart_many" time="0.000" classname="Test.EListTest_NG"/>
  <testcase name="test_delPos_0" time="0.002" classname="Test.EListTest_NG"/>
  <testcase name="test_sort_2" time="0.000" classname="Test.EListTest_NG"/>
  <testcase name="test_toString_0" time="0.001" classname="Test.EListTest_NG"/>
  <testcase name="test_addStart_2" time="0.001" classname="Test.EListTest_NG"/>
  <testcase name="test_max_1" time="0.000" classname="Test.EListTest_NG"/>
  <testcase name="test_delPos_1" time="0.001" classname="Test.EListTest_NG"/>
  <testcase name="test_init_0" time="0.001" classname="Test.EListTest_NG"/>
  <testcase name="test_toArray_1" time="0.001" classname="Test.EListTest_NG"/>
  <testcase name="test_get_many" time="0.001" classname="Test.EListTest_NG"/>
  <testcase name="test_delEnd_0" time="0.003" classname="Test.EListTest_NG"/>
  <testcase name="test_toArray_null" time="0.000" classname="Test.EListTest_NG"/>
  <testcase name="test_addStart_many" time="0.001" classname="Test.EListTest_NG"/>
  <testcase name="test_size_0" time="0.001" classname="Test.EListTest_NG"/>
  <testcase name="test_delEnd_1" time="0.001" classname="Test.EListTest_NG"/>
  <testcase name="test_min_0" time="0.001" classname="Test.EListTest_NG"/>
  <testcase name="test_delStart_1" time="0.001" classname="Test.EListTest_NG"/>
  <testcase name="test_clear_many" time="0.002" classname="Test.EListTest_NG"/>
  <testcase name="test_addEnd_2" time="0.001" classname="Test.EListTest_NG"/>
  <testcase name="test_max_1" time="0.000" classname="Test.EListTest_NG"/>
  <testcase name="test_get_2" time="0.001" classname="Test.EListTest_NG"/>
  <testcase name="test_toArray_1" time="0.000" classname="Test.EListTest_NG"/>
  <testcase name="test_toArray_0" time="0.001" classname="Test.EListTest_NG"/>
  <testcase name="test_delEnd_1" time="0.001" classname="Test.EListTest_NG"/>
  <testcase name="test_clear_2" time="0.002" classname="Test.EListTest_NG"/>
  <testcase name="test_delStart_2" time="0.000" classname="Test.EListTest_NG"/>
  <testcase name="test_delStart_many" time="0.001" classname="Test.EListTest_NG"/>
  <testcase name="test_set_0" time="0.002" classname="Test.EListTest_NG"/>
  <testcase name="test_minPos_1" time="0.003" classname="Test.EListTest_NG"/>
  <testcase name="test_delStart_1" time="0.001" classname="Test.EListTest_NG"/>
  <testcase name="test_init_null" time="0.000" classname="Test.EListTest_NG"/>
  <testcase name="test_addEnd_many" time="0.002" classname="Test.EListTest_NG"/>
  <testcase name="test_halfreverse_0" time="0.001" classname="Test.EListTest_NG"/>
  <testcase name="test_clear_1" time="0.001" classname="Test.EListTest_NG"/>
  <testcase name="test_toString_many" time="0.000" classname="Test.EListTest_NG"/>
  <testcase name="test_delStart_2" time="0.001" classname="Test.EListTest_NG"/>
  <testcase name="test_reverse_0" time="0.001" classname="Test.EListTest_NG"/>
  <testcase name="test_init_1" time="0.001" classname="Test.EListTest_NG"/>
  <testcase name="test_addEnd_many" time="0.001" classname="Test.EListTest_NG"/>
  <testcase name="test_delStart_1" time="0.009" classname="Test.EListTest_NG"/>
  <testcase name="test_max_many" time="0.001" classname="Test.EListTest_NG"/>
  <testcase name="test_init_0" time="0.000" classname="Test.EListTest_NG"/>
  <testcase name="test_sort_1" time="0.000" classname="Test.EListTest_NG"/>
  <testcase name="test_min_1" time="0.001" classname="Test.EListTest_NG"/>
  <testcase name="test_delStart_0" time="0.001" classname="Test.EListTest_NG"/>
  <testcase name="test_toString_1" time="0.001" classname="Test.EListTest_NG"/>
  <testcase name="test_halfreverse_2" time="0.000" classname="Test.EListTest_NG"/>
  <testcase name="test_set_1" time="0.001" classname="Test.EListTest_NG"/>
  <testcase name="test_max_many" time="0.001" classname="Test.EListTest_NG"/>
  <testcase name="test_init_0" time="0.002" classname="Test.EListTest_NG"/>
  <testcase name="test_max_many" time="0.001" classname="Test.EListTest_NG"/>
  <testcase name="test_toArray_null" time="0.001" classname="Test.EListTest_NG"/>
  <testcase name="test_clear_2" time="0.001" classname="Test.EListTest_NG"/>
  <testcase name="test_reverse_2" time="0.000" classname="Test.EListTest_NG"/>
  <testcase name="test_reverse_many" time="0.001" classname="Test.EListTest_NG"/>
  <testcase name="test_max_2" time="0.001" classname="Test.EListTest_NG"/>
  <testcase name="test_toArray_many" time="0.001" classname="Test.EListTest_NG"/>
  <testcase name="test_get_0" time="0.001" classname="Test.EListTest_NG"/>
  <testcase name="test_size_1" time="0.001" classname="Test.EListTest_NG"/>
  <testcase name="test_set_many" time="0.001" classname="Test.EListTest_NG"/>
  <testcase name="test_toString_2" time="0.001" classname="Test.EListTest_NG"/>
  <testcase name="test_addEnd_1" time="0.002" classname="Test.EListTest_NG"/>
  <testcase name="test_toArray_many" time="0.001" classname="Test.EListTest_NG"/>
  <testcase name="test_set_many" time="0.001" classname="Test.EListTest_NG"/>
  <testcase name="test_min_many" time="0.001" classname="Test.EListTest_NG"/>
  <testcase name="test_get_2" time="0.000" classname="Test.EListTest_NG"/>
  <testcase name="test_delPos_2" time="0.000" classname="Test.EListTest_NG"/>
  <testcase name="test_max_1" time="0.000" classname="Test.EListTest_NG"/>
  <testcase name="test_size_1" time="0.001" classname="Test.EListTest_NG"/>
  <testcase name="test_maxPos_0" time="0.001" classname="Test.EListTest_NG"/>
  <testcase name="test_delEnd_2" time="0.001" classname="Test.EListTest_NG"/>
  <testcase name="test_init_2" time="0.002" classname="Test.EListTest_NG"/>
  <testcase name="test_delStart_0" time="0.001" classname="Test.EListTest_NG"/>
  <testcase name="test_delStart_2" time="0.000" classname="Test.EListTest_NG"/>
  <testcase name="test_size_many" time="0.001" classname="Test.EListTest_NG"/>
  <testcase name="test_init_null" time="0.001" classname="Test.EListTest_NG"/>
  <testcase name="test_minPos_many" time="0.003" classname="Test.EListTest_NG"/>
  <testcase name="test_addPos_many" time="0.002" classname="Test.EListTest_NG"/>
  <testcase name="test_addPos_2" time="0.001" classname="Test.EListTest_NG"/>
  <testcase name="test_maxPos_2" time="0.001" classname="Test.EListTest_NG"/>
  <testcase name="test_min_2" time="0.001" classname="Test.EListTest_NG"/>
  <testcase name="test_minPos_1" time="0.001" classname="Test.EListTest_NG"/>
  <testcase name="test_maxPos_1" time="0.000" classname="Test.EListTest_NG"/>
  <testcase name="test_addStart_0" time="0.004" classname="Test.EListTest_NG"/>
  <testcase name="test_minPos_0" time="0.001" classname="Test.EListTest_NG"/>
  <testcase name="test_set_0" time="0.001" classname="Test.EListTest_NG"/>
  <testcase name="test_max_0" time="0.003" classname="Test.EListTest_NG"/>
  <testcase name="test_set_1" time="0.001" classname="Test.EListTest_NG"/>
  <testcase name="test_delStart_0" time="0.001" classname="Test.EListTest_NG"/>
  <testcase name="test_min_2" time="0.001" classname="Test.EListTest_NG"/>
  <testcase name="test_minPos_many" time="0.003" classname="Test.EListTest_NG"/>
  <testcase name="test_delEnd_2" time="0.001" classname="Test.EListTest_NG"/>
  <testcase name="test_addEnd_1" time="0.001" classname="Test.EListTest_NG"/>
  <testcase name="test_clear_1" time="0.001" classname="Test.EListTest_NG"/>
  <testcase name="test_halfreverse_0" time="0.001" classname="Test.EListTest_NG"/>
  <testcase name="test_size_2" time="0.001" classname="Test.EListTest_NG"/>
  <testcase name="test_toArray_2" time="0.001" classname="Test.EListTest_NG"/>
  <testcase name="test_init_2" time="0.001" classname="Test.EListTest_NG"/>
  <testcase name="test_addEnd_0" time="0.004" classname="Test.EListTest_NG"/>
  <testcase name="test_get_many" time="0.001" classname="Test.EListTest_NG"/>
  <testcase name="test_clear_0" time="0.002" classname="Test.EListTest_NG"/>
  <testcase name="test_delEnd_many" time="0.001" classname="Test.EListTest_NG"/>
  <testcase name="test_size_0" time="0.001" classname="Test.EListTest_NG"/>
</testsuite> <!-- Test.EListTest_NG -->
